<?xml version="1.0" encoding="UTF-8"?>
<testng-results ignored="0" total="1" passed="1" failed="0" skipped="0">
  <reporter-output>
  </reporter-output>
  <suite started-at="2024-05-07T00:53:04 CEST" name="Suite" finished-at="2024-05-07T00:53:14 CEST" duration-ms="9745">
    <groups>
    </groups>
    <test started-at="2024-05-07T00:53:04 CEST" name="Test" finished-at="2024-05-07T00:53:14 CEST" duration-ms="9745">
      <class name="com.todos.tests.AddTodoTest">
        <test-method is-config="true" signature="setupTest(java.lang.String)[pri:0, instance:com.todos.tests.AddTodoTest@56cdfb3b]" started-at="2024-05-07T00:53:04 CEST" name="setupTest" finished-at="2024-05-07T00:53:10 CEST" duration-ms="6522" status="PASS">
          <params>
            <param index="0">
              <value>
                <![CDATA[firefox]]>
              </value>
            </param>
          </params>
          <reporter-output>
          </reporter-output>
        </test-method> <!-- setupTest -->
        <test-method signature="iCanAddTodo()[pri:0, instance:com.todos.tests.AddTodoTest@56cdfb3b]" started-at="2024-05-07T00:53:10 CEST" name="iCanAddTodo" finished-at="2024-05-07T00:53:11 CEST" duration-ms="484" status="PASS">
          <reporter-output>
          </reporter-output>
        </test-method> <!-- iCanAddTodo -->
        <test-method is-config="true" signature="tearDown()[pri:0, instance:com.todos.tests.AddTodoTest@56cdfb3b]" started-at="2024-05-07T00:53:11 CEST" name="tearDown" finished-at="2024-05-07T00:53:14 CEST" duration-ms="2670" status="PASS">
          <reporter-output>
          </reporter-output>
        </test-method> <!-- tearDown -->
      </class> <!-- com.todos.tests.AddTodoTest -->
    </test> <!-- Test -->
  </suite> <!-- Suite -->
</testng-results>
